{"/Users/baves/source/leetcode/src/longest-substring-without-repeating-characters/longest-substring-without-repeating-characters.ts": {"path":"/Users/baves/source/leetcode/src/longest-substring-without-repeating-characters/longest-substring-without-repeating-characters.ts","statementMap":{"0":{"start":{"line":3,"column":26},"end":{"line":3,"column":27}},"1":{"start":{"line":4,"column":25},"end":{"line":4,"column":26}},"2":{"start":{"line":5,"column":23},"end":{"line":5,"column":25}},"3":{"start":{"line":6,"column":33},"end":{"line":6,"column":50}},"4":{"start":{"line":9,"column":8},"end":{"line":9,"column":15}},"5":{"start":{"line":10,"column":28},"end":{"line":10,"column":35}},"6":{"start":{"line":13,"column":12},"end":{"line":13,"column":40}},"7":{"start":{"line":16,"column":8},"end":{"line":16,"column":33}},"8":{"start":{"line":17,"column":8},"end":{"line":17,"column":66}},"9":{"start":{"line":20,"column":4},"end":{"line":20,"column":27}},"10":{"start":{"line":2,"column":0},"end":{"line":2,"column":16}}},"fnMap":{"0":{"name":"lengthOfLongestSubstring","decl":{"start":{"line":2,"column":16},"end":{"line":2,"column":40}},"loc":{"start":{"line":2,"column":50},"end":{"line":21,"column":1}}}},"branchMap":{},"s":{"0":5,"1":5,"2":5,"3":5,"4":24,"5":24,"6":14,"7":24,"8":24,"9":5,"10":1},"f":{"0":5},"b":{}}
,"/Users/baves/source/leetcode/src/three-sum/three-sum.ts": {"path":"/Users/baves/source/leetcode/src/three-sum/three-sum.ts","statementMap":{"0":{"start":{"line":10,"column":28},"end":{"line":10,"column":37}},"1":{"start":{"line":11,"column":28},"end":{"line":11,"column":37}},"2":{"start":{"line":12,"column":28},"end":{"line":12,"column":37}},"3":{"start":{"line":13,"column":49},"end":{"line":13,"column":58}},"4":{"start":{"line":16,"column":18},"end":{"line":16,"column":25}},"5":{"start":{"line":19,"column":12},"end":{"line":19,"column":22}},"6":{"start":{"line":22,"column":12},"end":{"line":27,"column":15}},"7":{"start":{"line":23,"column":37},"end":{"line":23,"column":43}},"8":{"start":{"line":25,"column":20},"end":{"line":25,"column":60}},"9":{"start":{"line":28,"column":12},"end":{"line":28,"column":22}},"10":{"start":{"line":34,"column":12},"end":{"line":34,"column":22}},"11":{"start":{"line":15,"column":17},"end":{"line":15,"column":18}},"12":{"start":{"line":38,"column":4},"end":{"line":42,"column":7}},"13":{"start":{"line":44,"column":4},"end":{"line":48,"column":7}},"14":{"start":{"line":46,"column":12},"end":{"line":46,"column":49}},"15":{"start":{"line":50,"column":4},"end":{"line":50,"column":35}},"16":{"start":{"line":9,"column":0},"end":{"line":9,"column":16}}},"fnMap":{"0":{"name":"threeSum","decl":{"start":{"line":9,"column":16},"end":{"line":9,"column":24}},"loc":{"start":{"line":9,"column":39},"end":{"line":51,"column":1}}},"1":{"name":"(anonymous_2)","decl":{"start":{"line":22,"column":23},"end":{"line":22,"column":24}},"loc":{"start":{"line":22,"column":24},"end":{"line":27,"column":13}}},"2":{"name":"(anonymous_3)","decl":{"start":{"line":44,"column":15},"end":{"line":44,"column":16}},"loc":{"start":{"line":44,"column":16},"end":{"line":48,"column":5}}}},"branchMap":{},"s":{"0":1,"1":1,"2":1,"3":1,"4":2,"5":2,"6":2,"7":3,"8":3,"9":2,"10":1,"11":1,"12":0,"13":0,"14":0,"15":0,"16":1},"f":{"0":1,"1":3,"2":0},"b":{}}
,"/Users/baves/source/leetcode/src/two-sum/two-sum.ts": {"path":"/Users/baves/source/leetcode/src/two-sum/two-sum.ts","statementMap":{"0":{"start":{"line":9,"column":49},"end":{"line":9,"column":58}},"1":{"start":{"line":10,"column":17},"end":{"line":10,"column":18}},"2":{"start":{"line":12,"column":12},"end":{"line":12,"column":54}},"3":{"start":{"line":14,"column":8},"end":{"line":14,"column":49}},"4":{"start":{"line":16,"column":4},"end":{"line":16,"column":35}},"5":{"start":{"line":8,"column":0},"end":{"line":8,"column":16}}},"fnMap":{"0":{"name":"twoSum","decl":{"start":{"line":8,"column":16},"end":{"line":8,"column":22}},"loc":{"start":{"line":8,"column":53},"end":{"line":17,"column":1}}}},"branchMap":{},"s":{"0":1,"1":1,"2":1,"3":1,"4":0,"5":1},"f":{"0":1},"b":{}}
}
