TN:
SF:/Users/baves/source/leetcode/src/longest-substring-without-repeating-characters/longest-substring-without-repeating-characters.ts
FN:2,lengthOfLongestSubstring
FNF:1
FNH:1
FNDA:5,lengthOfLongestSubstring
DA:2,1
DA:3,5
DA:4,5
DA:5,5
DA:6,5
DA:9,24
DA:10,24
DA:13,14
DA:16,24
DA:17,24
DA:20,5
LF:11
LH:11
BRF:0
BRH:0
end_of_record
TN:
SF:/Users/baves/source/leetcode/src/three-sum/three-sum.ts
FN:9,threeSum
FN:22,(anonymous_2)
FN:44,(anonymous_3)
FNF:3
FNH:2
FNDA:1,threeSum
FNDA:3,(anonymous_2)
FNDA:0,(anonymous_3)
DA:9,1
DA:10,1
DA:11,1
DA:12,1
DA:13,1
DA:15,1
DA:16,2
DA:19,2
DA:22,2
DA:23,3
DA:25,3
DA:28,2
DA:34,1
DA:38,0
DA:44,0
DA:46,0
DA:50,0
LF:17
LH:13
BRF:0
BRH:0
end_of_record
TN:
SF:/Users/baves/source/leetcode/src/two-sum/two-sum.ts
FN:8,twoSum
FNF:1
FNH:1
FNDA:1,twoSum
DA:8,1
DA:9,1
DA:10,1
DA:12,1
DA:14,1
DA:16,0
LF:6
LH:5
BRF:0
BRH:0
end_of_record
